<?xml version="1.0" encoding="UTF-8"?>
<testsuite xmlns:xsi="http://www.w3.org/2001/XMLSchema-instance" xsi:noNamespaceSchemaLocation="https://maven.apache.org/surefire/maven-surefire-plugin/xsd/surefire-test-report.xsd" name="com.framework.www.Tests.Test1" time="38.17" tests="2" errors="0" skipped="0" failures="0">
  <properties>
[...]
</properties>
  <testcase name="invalidLoginUsingEmailAddress" classname="com.framework.www.Tests.Test1" time="17.646"/>
  <testcase name="invalidLoginUsingPhoneNumber" classname="com.framework.www.Tests.Test1" time="19.971"/>
</testsuite>